     1                                 %line 1+1 variance.asm
     2                                 [global variance]
     3                                 
     4                                 
     5                                 
     6                                 
     7                                 
     8                                 [section .text]
     9                                 variance:
    10                                 
    11 00000000 55                      push rbp
    12 00000001 4889E5                  mov rbp, rsp
    13 00000004 53                      push rbx
    14                                 
    15                                 
    16 00000005 4883FF00                cmp rdi, 0
    17 00000009 7474                    je exit
    18 0000000B 4883FE00                cmp rsi, 0
    19 0000000F 746E                    je exit
    20 00000011 4883FA00                cmp rdx, 0
    21 00000015 7468                    je exit
    22                                 
    23                                 
    24 00000017 4831C0                  xor rax, rax
    25 0000001A 4831DB                  xor rbx, rbx
    26 0000001D 4831C9                  xor rcx, rcx
    27                                 
    28 00000020 4889D1                  mov rcx, rdx
    29                                 
    30                                 
    31 00000023 31DB                    xor ebx, ebx
    32                                 
    33 00000025 4889FB                  mov rbx, rdi
    34 00000028 51                      push rcx
    35                                 
    36                                 
    37                                 averageLoop:
    38                                 
    39 00000029 0307                    add eax, dword [rdi]
    40 0000002B 4883C704                add rdi, 4
    41 0000002F 4883E901                sub rcx, 1
    42 00000033 4883F900                cmp rcx, 0
    43 00000037 75EE                    jne averageLoop
    44                                 
    45 00000039 59                      pop rcx
    46 0000003A 4889DF                  mov rdi, rbx
    47                                 
    48 0000003D 89D1                    mov ecx, edx
    49 0000003F 99                      cdq
    50 00000040 F7F9                    idiv ecx
    51 00000042 89C3                    mov ebx, eax
    52                                 
    53                                 
    54                                 
    55 00000044 51                      push rcx
    56                                 
    57                                 tmpLoop:
    58                                 
    59 00000045 8B07                    mov eax, dword [rdi]
    60 00000047 29D8                    sub eax, ebx
    61 00000049 F7E0                    mul eax
    62 0000004B 8906                    mov dword [rsi], eax
    63 0000004D 4883C704                add rdi, 4
    64 00000051 4883C604                add rsi, 4
    65 00000055 4883E901                sub rcx, 1
    66 00000059 4883F900                cmp rcx, 0
    67 0000005D 75E4                    jne tmpLoop
    68                                 
    69 0000005F 59                      pop rcx
    70                                 
    71                                 
    72 00000060 4831C0                  xor rax, rax
    73 00000063 48C7C000000000          mov rax, 0
    74                                 
    75 0000006A 51                      push rcx
    76                                 
    77                                 sumLoop:
    78                                 
    79 0000006B 0306                    add eax, dword [rsi]
    80 0000006D 4883C604                add rsi, 4
    81 00000071 4883E901                sub rcx, 1
    82 00000075 4883F900                cmp rcx, 0
    83 00000079 75EE                    jne sumLoop
    84                                 
    85 0000007B 59                      pop rcx
    86                                 
    87 0000007C 51                      push rcx
    88                                 
    89 0000007D 99                      cdq
    90 0000007E F7F9                    idiv ecx
    91 00000080 59                      pop rcx
    92                                 
    93                                 
    94                                 exit:
    95 00000081 5B                      pop rbx
    96 00000082 5D                      pop rbp
    97 00000083 C3                      ret
    98                                 
    99                                 
   100                                 
